TN:
SF:src/Beer.ts
FN:4,Beer
FN:12,getTax
FNF:2
FNH:2
FNDA:4,Beer
FNDA:3,getTax
DA:1,1
DA:2,1
DA:3,1
DA:4,1
DA:5,4
DA:6,4
DA:7,1
DA:8,1
DA:9,1
DA:10,1
DA:11,1
DA:12,1
DA:13,3
DA:14,3
DA:15,1
LF:15
LH:15
BRDA:4,0,0,4
BRDA:12,1,0,3
BRF:2
BRH:2
end_of_record
TN:
SF:src/Cigar.ts
FN:4,Cigar
FN:12,getTax
FNF:2
FNH:2
FNDA:4,Cigar
FNDA:3,getTax
DA:1,1
DA:2,1
DA:3,1
DA:4,1
DA:5,4
DA:6,4
DA:7,1
DA:8,1
DA:9,1
DA:10,1
DA:11,1
DA:12,1
DA:13,3
DA:14,3
DA:15,2
DA:16,2
DA:17,1
LF:17
LH:17
BRDA:4,0,0,4
BRDA:12,1,0,3
BRDA:14,2,0,1
BRDA:15,3,0,2
BRF:4
BRH:4
end_of_record
TN:
SF:src/Item.ts
FN:6,Item
FNF:1
FNH:1
FNDA:12,Item
DA:1,1
DA:2,1
DA:3,1
DA:4,1
DA:5,1
DA:6,1
DA:7,12
DA:8,12
DA:9,12
DA:10,12
DA:11,1
LF:11
LH:11
BRDA:6,0,0,12
BRF:1
BRH:1
end_of_record
TN:
SF:src/Order.ts
FN:8,Order
FN:13,addItem
FN:17,getSubtotal
FN:26,getTaxes
FN:38,getTotal
FNF:5
FNH:5
FNDA:4,Order
FNDA:12,addItem
FNDA:2,getSubtotal
FNDA:3,getTaxes
FNDA:1,getTotal
DA:1,1
DA:2,1
DA:3,1
DA:4,1
DA:5,1
DA:6,1
DA:7,1
DA:8,1
DA:9,4
DA:10,4
DA:11,4
DA:12,1
DA:13,1
DA:14,12
DA:15,12
DA:16,1
DA:17,1
DA:18,2
DA:19,2
DA:20,6
DA:21,6
DA:22,2
DA:23,2
DA:24,2
DA:25,1
DA:26,1
DA:27,3
DA:28,3
DA:29,9
DA:30,6
DA:31,6
DA:32,9
DA:33,3
DA:34,3
DA:35,3
DA:36,3
DA:37,1
DA:38,1
DA:39,1
DA:40,1
DA:41,1
LF:41
LH:41
BRDA:8,0,0,4
BRDA:13,1,0,12
BRDA:17,2,0,2
BRDA:19,3,0,6
BRDA:26,4,0,3
BRDA:28,5,0,9
BRDA:29,6,0,6
BRDA:38,7,0,1
BRF:8
BRH:8
end_of_record
TN:
SF:src/TaxItem.ts
FN:4,TaxItem
FN:10,calculateTaxes
FNF:2
FNH:2
FNDA:8,TaxItem
FNDA:6,calculateTaxes
DA:1,1
DA:2,1
DA:3,1
DA:4,1
DA:5,8
DA:6,8
DA:7,1
DA:8,1
DA:9,1
DA:10,1
DA:11,6
DA:12,6
DA:13,1
DA:14,1
DA:15,1
LF:15
LH:15
BRDA:4,0,0,8
BRDA:10,1,0,6
BRF:2
BRH:2
end_of_record
TN:
SF:src/Water.ts
FN:4,Water
FNF:1
FNH:1
FNDA:4,Water
DA:1,1
DA:2,1
DA:3,1
DA:4,1
DA:5,4
DA:6,4
DA:7,1
LF:7
LH:7
BRDA:4,0,0,4
BRF:1
BRH:1
end_of_record
